# JRE version: Java(TM) SE Runtime Environment (8.0_66-b17) (build 1.8.0_66-b17)
# Java VM: Java HotSpot(TM) 64-Bit Server VM (25.66-b17 mixed mode windows-amd64 compressed oops)
Heap:
 PSYoungGen      total 264192K, used 8796K [0x00000000eb200000, 0x0000000100000000, 0x0000000100000000)
  eden space 260608K, 2% used [0x00000000eb200000,0x00000000eb717230,0x00000000fb080000)
  from space 3584K, 100% used [0x00000000fb080000,0x00000000fb400000,0x00000000fb400000)
  to   space 4608K, 0% used [0x00000000ffb80000,0x00000000ffb80000,0x0000000100000000)
 ParOldGen       total 44032K, used 3053K [0x00000000c1600000, 0x00000000c4100000, 0x00000000eb200000)
  object space 44032K, 6% used [0x00000000c1600000,0x00000000c18fb660,0x00000000c4100000)
 Metaspace       used 4449K, capacity 4882K, committed 5120K, reserved 1056768K
  class space    used 477K, capacity 501K, committed 512K, reserved 1048576K
GC Heap History (10 events):
Event: 2.302 GC heap before
{Heap before GC invocations=5 (full 0):
 PSYoungGen      total 68096K, used 67189K [0x00000000eb200000, 0x00000000ef700000, 0x0000000100000000)
  eden space 65536K, 100% used [0x00000000eb200000,0x00000000ef200000,0x00000000ef200000)
  from space 2560K, 64% used [0x00000000ef480000,0x00000000ef61d630,0x00000000ef700000)
  to   space 2560K, 0% used [0x00000000ef200000,0x00000000ef200000,0x00000000ef480000)
 ParOldGen       total 44032K, used 8K [0x00000000c1600000, 0x00000000c4100000, 0x00000000eb200000)
  object space 44032K, 0% used [0x00000000c1600000,0x00000000c1602000,0x00000000c4100000)
 Metaspace       used 4199K, capacity 4818K, committed 4864K, reserved 1056768K
  class space    used 460K, capacity 501K, committed 512K, reserved 1048576K
Event: 2.307 GC heap after
Heap after GC invocations=5 (full 0):
 PSYoungGen      total 68096K, used 2165K [0x00000000eb200000, 0x00000000f3700000, 0x0000000100000000)
  eden space 65536K, 0% used [0x00000000eb200000,0x00000000eb200000,0x00000000ef200000)
  from space 2560K, 84% used [0x00000000ef200000,0x00000000ef41d610,0x00000000ef480000)
  to   space 2560K, 0% used [0x00000000f3480000,0x00000000f3480000,0x00000000f3700000)
 ParOldGen       total 44032K, used 8K [0x00000000c1600000, 0x00000000c4100000, 0x00000000eb200000)
  object space 44032K, 0% used [0x00000000c1600000,0x00000000c1602000,0x00000000c4100000)
 Metaspace       used 4199K, capacity 4818K, committed 4864K, reserved 1056768K
  class space    used 460K, capacity 501K, committed 512K, reserved 1048576K
}
Event: 2.742 GC heap before
{Heap before GC invocations=6 (full 0):
 PSYoungGen      total 68096K, used 67701K [0x00000000eb200000, 0x00000000f3700000, 0x0000000100000000)
  eden space 65536K, 100% used [0x00000000eb200000,0x00000000ef200000,0x00000000ef200000)
  from space 2560K, 84% used [0x00000000ef200000,0x00000000ef41d610,0x00000000ef480000)
  to   space 2560K, 0% used [0x00000000f3480000,0x00000000f3480000,0x00000000f3700000)
 ParOldGen       total 44032K, used 8K [0x00000000c1600000, 0x00000000c4100000, 0x00000000eb200000)
  object space 44032K, 0% used [0x00000000c1600000,0x00000000c1602000,0x00000000c4100000)
 Metaspace       used 4215K, capacity 4818K, committed 4864K, reserved 1056768K
  class space    used 460K, capacity 501K, committed 512K, reserved 1048576K
Event: 2.752 GC heap after
Heap after GC invocations=6 (full 0):
 PSYoungGen      total 133120K, used 2549K [0x00000000eb200000, 0x00000000f3800000, 0x0000000100000000)
  eden space 130560K, 0% used [0x00000000eb200000,0x00000000eb200000,0x00000000f3180000)
  from space 2560K, 99% used [0x00000000f3480000,0x00000000f36fd610,0x00000000f3700000)
  to   space 3072K, 0% used [0x00000000f3180000,0x00000000f3180000,0x00000000f3480000)
 ParOldGen       total 44032K, used 64K [0x00000000c1600000, 0x00000000c4100000, 0x00000000eb200000)
  object space 44032K, 0% used [0x00000000c1600000,0x00000000c1610000,0x00000000c4100000)
 Metaspace       used 4215K, capacity 4818K, committed 4864K, reserved 1056768K
  class space    used 460K, capacity 501K, committed 512K, reserved 1048576K
}
Event: 3.261 GC heap before
{Heap before GC invocations=7 (full 0):
 PSYoungGen      total 133120K, used 133109K [0x00000000eb200000, 0x00000000f3800000, 0x0000000100000000)
  eden space 130560K, 100% used [0x00000000eb200000,0x00000000f3180000,0x00000000f3180000)
  from space 2560K, 99% used [0x00000000f3480000,0x00000000f36fd610,0x00000000f3700000)
  to   space 3072K, 0% used [0x00000000f3180000,0x00000000f3180000,0x00000000f3480000)
 ParOldGen       total 44032K, used 64K [0x00000000c1600000, 0x00000000c4100000, 0x00000000eb200000)
  object space 44032K, 0% used [0x00000000c1600000,0x00000000c1610000,0x00000000c4100000)
 Metaspace       used 4219K, capacity 4818K, committed 4864K, reserved 1056768K
  class space    used 460K, capacity 501K, committed 512K, reserved 1048576K
Event: 3.268 GC heap after
Heap after GC invocations=7 (full 0):
 PSYoungGen      total 133632K, used 2528K [0x00000000eb200000, 0x00000000fb700000, 0x0000000100000000)
  eden space 130560K, 0% used [0x00000000eb200000,0x00000000eb200000,0x00000000f3180000)
  from space 3072K, 82% used [0x00000000f3180000,0x00000000f33f8000,0x00000000f3480000)
  to   space 3072K, 0% used [0x00000000fb400000,0x00000000fb400000,0x00000000fb700000)
 ParOldGen       total 44032K, used 1093K [0x00000000c1600000, 0x00000000c4100000, 0x00000000eb200000)
  object space 44032K, 2% used [0x00000000c1600000,0x00000000c1711660,0x00000000c4100000)
 Metaspace       used 4219K, capacity 4818K, committed 4864K, reserved 1056768K
  class space    used 460K, capacity 501K, committed 512K, reserved 1048576K
}
Event: 3.574 GC heap before
{Heap before GC invocations=8 (full 0):
 PSYoungGen      total 133632K, used 133088K [0x00000000eb200000, 0x00000000fb700000, 0x0000000100000000)
  eden space 130560K, 100% used [0x00000000eb200000,0x00000000f3180000,0x00000000f3180000)
  from space 3072K, 82% used [0x00000000f3180000,0x00000000f33f8000,0x00000000f3480000)
  to   space 3072K, 0% used [0x00000000fb400000,0x00000000fb400000,0x00000000fb700000)
 ParOldGen       total 44032K, used 1093K [0x00000000c1600000, 0x00000000c4100000, 0x00000000eb200000)
  object space 44032K, 2% used [0x00000000c1600000,0x00000000c1711660,0x00000000c4100000)
 Metaspace       used 4219K, capacity 4818K, committed 4864K, reserved 1056768K
  class space    used 460K, capacity 501K, committed 512K, reserved 1048576K
Event: 3.586 GC heap after
Heap after GC invocations=8 (full 0):
 PSYoungGen      total 263680K, used 3008K [0x00000000eb200000, 0x00000000fb800000, 0x0000000100000000)
  eden space 260608K, 0% used [0x00000000eb200000,0x00000000eb200000,0x00000000fb080000)
  from space 3072K, 97% used [0x00000000fb400000,0x00000000fb6f0000,0x00000000fb700000)
  to   space 3584K, 0% used [0x00000000fb080000,0x00000000fb080000,0x00000000fb400000)
 ParOldGen       total 44032K, used 1613K [0x00000000c1600000, 0x00000000c4100000, 0x00000000eb200000)
  object space 44032K, 3% used [0x00000000c1600000,0x00000000c1793660,0x00000000c4100000)
 Metaspace       used 4219K, capacity 4818K, committed 4864K, reserved 1056768K
  class space    used 460K, capacity 501K, committed 512K, reserved 1048576K
}
Event: 4.860 GC heap before
{Heap before GC invocations=9 (full 0):
 PSYoungGen      total 263680K, used 263616K [0x00000000eb200000, 0x00000000fb800000, 0x0000000100000000)
  eden space 260608K, 100% used [0x00000000eb200000,0x00000000fb080000,0x00000000fb080000)
  from space 3072K, 97% used [0x00000000fb400000,0x00000000fb6f0000,0x00000000fb700000)
  to   space 3584K, 0% used [0x00000000fb080000,0x00000000fb080000,0x00000000fb400000)
 ParOldGen       total 44032K, used 1613K [0x00000000c1600000, 0x00000000c4100000, 0x00000000eb200000)
  object space 44032K, 3% used [0x00000000c1600000,0x00000000c1793660,0x00000000c4100000)
 Metaspace       used 4443K, capacity 4882K, committed 5120K, reserved 1056768K
  class space    used 476K, capacity 501K, committed 512K, reserved 1048576K
Event: 4.870 GC heap after
Heap after GC invocations=9 (full 0):
 PSYoungGen      total 264192K, used 3584K [0x00000000eb200000, 0x0000000100000000, 0x0000000100000000)
  eden space 260608K, 0% used [0x00000000eb200000,0x00000000eb200000,0x00000000fb080000)
  from space 3584K, 100% used [0x00000000fb080000,0x00000000fb400000,0x00000000fb400000)
  to   space 4608K, 0% used [0x00000000ffb80000,0x00000000ffb80000,0x0000000100000000)
 ParOldGen       total 44032K, used 3053K [0x00000000c1600000, 0x00000000c4100000, 0x00000000eb200000)
  object space 44032K, 6% used [0x00000000c1600000,0x00000000c18fb660,0x00000000c4100000)
 Metaspace       used 4443K, capacity 4882K, committed 5120K, reserved 1056768K
  class space    used 476K, capacity 501K, committed 512K, reserved 1048576K
}

